# JRE version: Java(TM) SE Runtime Environment (8.0_171-b11) (build 1.8.0_171-b11)
# Java VM: Java HotSpot(TM) 64-Bit Server VM (25.171-b11 mixed mode windows-amd64 compressed oops)
Heap:
 PSYoungGen      total 75776K, used 25879K [0x000000076b600000, 0x0000000772500000, 0x00000007c0000000)
  eden space 65024K, 33% used [0x000000076b600000,0x000000076cb08d70,0x000000076f580000)
  from space 10752K, 40% used [0x0000000770000000,0x000000077043cf40,0x0000000770a80000)
  to   space 10752K, 0% used [0x000000076f580000,0x000000076f580000,0x0000000770000000)
 ParOldGen       total 108544K, used 7622K [0x00000006c2200000, 0x00000006c8c00000, 0x000000076b600000)
  object space 108544K, 7% used [0x00000006c2200000,0x00000006c2971bb8,0x00000006c8c00000)
 Metaspace       used 25025K, capacity 25358K, committed 25472K, reserved 1071104K
  class space    used 3065K, capacity 3182K, committed 3200K, reserved 1048576K
GC Heap History (10 events):
Event: 0.650 GC heap before
{Heap before GC invocations=1 (full 0):
 PSYoungGen      total 75776K, used 65024K [0x000000076b600000, 0x0000000770a80000, 0x00000007c0000000)
  eden space 65024K, 100% used [0x000000076b600000,0x000000076f580000,0x000000076f580000)
  from space 10752K, 0% used [0x0000000770000000,0x0000000770000000,0x0000000770a80000)
  to   space 10752K, 0% used [0x000000076f580000,0x000000076f580000,0x0000000770000000)
 ParOldGen       total 173568K, used 0K [0x00000006c2200000, 0x00000006ccb80000, 0x000000076b600000)
  object space 173568K, 0% used [0x00000006c2200000,0x00000006c2200000,0x00000006ccb80000)
 Metaspace       used 11352K, capacity 11506K, committed 11776K, reserved 1058816K
  class space    used 1394K, capacity 1431K, committed 1536K, reserved 1048576K
Event: 0.655 GC heap after
Heap after GC invocations=1 (full 0):
 PSYoungGen      total 75776K, used 7342K [0x000000076b600000, 0x0000000770a80000, 0x00000007c0000000)
  eden space 65024K, 0% used [0x000000076b600000,0x000000076b600000,0x000000076f580000)
  from space 10752K, 68% used [0x000000076f580000,0x000000076fcabbb8,0x0000000770000000)
  to   space 10752K, 0% used [0x0000000770000000,0x0000000770000000,0x0000000770a80000)
 ParOldGen       total 173568K, used 8K [0x00000006c2200000, 0x00000006ccb80000, 0x000000076b600000)
  object space 173568K, 0% used [0x00000006c2200000,0x00000006c2202000,0x00000006ccb80000)
 Metaspace       used 11352K, capacity 11506K, committed 11776K, reserved 1058816K
  class space    used 1394K, capacity 1431K, committed 1536K, reserved 1048576K
}
Event: 0.964 GC heap before
{Heap before GC invocations=2 (full 0):
 PSYoungGen      total 75776K, used 72360K [0x000000076b600000, 0x0000000770a80000, 0x00000007c0000000)
  eden space 65024K, 99% used [0x000000076b600000,0x000000076f57e578,0x000000076f580000)
  from space 10752K, 68% used [0x000000076f580000,0x000000076fcabbb8,0x0000000770000000)
  to   space 10752K, 0% used [0x0000000770000000,0x0000000770000000,0x0000000770a80000)
 ParOldGen       total 173568K, used 8K [0x00000006c2200000, 0x00000006ccb80000, 0x000000076b600000)
  object space 173568K, 0% used [0x00000006c2200000,0x00000006c2202000,0x00000006ccb80000)
 Metaspace       used 17755K, capacity 17966K, committed 18176K, reserved 1064960K
  class space    used 2157K, capacity 2193K, committed 2304K, reserved 1048576K
Event: 0.973 GC heap after
Heap after GC invocations=2 (full 0):
 PSYoungGen      total 75776K, used 9071K [0x000000076b600000, 0x0000000770a80000, 0x00000007c0000000)
  eden space 65024K, 0% used [0x000000076b600000,0x000000076b600000,0x000000076f580000)
  from space 10752K, 84% used [0x0000000770000000,0x00000007708dbe28,0x0000000770a80000)
  to   space 10752K, 0% used [0x000000076f580000,0x000000076f580000,0x0000000770000000)
 ParOldGen       total 173568K, used 88K [0x00000006c2200000, 0x00000006ccb80000, 0x000000076b600000)
  object space 173568K, 0% used [0x00000006c2200000,0x00000006c2216010,0x00000006ccb80000)
 Metaspace       used 17755K, capacity 17966K, committed 18176K, reserved 1064960K
  class space    used 2157K, capacity 2193K, committed 2304K, reserved 1048576K
}
Event: 1.272 GC heap before
{Heap before GC invocations=3 (full 0):
 PSYoungGen      total 75776K, used 61798K [0x000000076b600000, 0x0000000770a80000, 0x00000007c0000000)
  eden space 65024K, 81% used [0x000000076b600000,0x000000076e97dc50,0x000000076f580000)
  from space 10752K, 84% used [0x0000000770000000,0x00000007708dbe28,0x0000000770a80000)
  to   space 10752K, 0% used [0x000000076f580000,0x000000076f580000,0x0000000770000000)
 ParOldGen       total 173568K, used 88K [0x00000006c2200000, 0x00000006ccb80000, 0x000000076b600000)
  object space 173568K, 0% used [0x00000006c2200000,0x00000006c2216010,0x00000006ccb80000)
 Metaspace       used 20841K, capacity 21178K, committed 21296K, reserved 1069056K
  class space    used 2530K, capacity 2646K, committed 2688K, reserved 1048576K
Event: 1.283 GC heap after
Heap after GC invocations=3 (full 0):
 PSYoungGen      total 75776K, used 7689K [0x000000076b600000, 0x0000000770a80000, 0x00000007c0000000)
  eden space 65024K, 0% used [0x000000076b600000,0x000000076b600000,0x000000076f580000)
  from space 10752K, 71% used [0x000000076f580000,0x000000076fd024d8,0x0000000770000000)
  to   space 10752K, 0% used [0x0000000770000000,0x0000000770000000,0x0000000770a80000)
 ParOldGen       total 173568K, used 96K [0x00000006c2200000, 0x00000006ccb80000, 0x000000076b600000)
  object space 173568K, 0% used [0x00000006c2200000,0x00000006c2218010,0x00000006ccb80000)
 Metaspace       used 20841K, capacity 21178K, committed 21296K, reserved 1069056K
  class space    used 2530K, capacity 2646K, committed 2688K, reserved 1048576K
}
Event: 1.283 GC heap before
{Heap before GC invocations=4 (full 1):
 PSYoungGen      total 75776K, used 7689K [0x000000076b600000, 0x0000000770a80000, 0x00000007c0000000)
  eden space 65024K, 0% used [0x000000076b600000,0x000000076b600000,0x000000076f580000)
  from space 10752K, 71% used [0x000000076f580000,0x000000076fd024d8,0x0000000770000000)
  to   space 10752K, 0% used [0x0000000770000000,0x0000000770000000,0x0000000770a80000)
 ParOldGen       total 173568K, used 96K [0x00000006c2200000, 0x00000006ccb80000, 0x000000076b600000)
  object space 173568K, 0% used [0x00000006c2200000,0x00000006c2218010,0x00000006ccb80000)
 Metaspace       used 20841K, capacity 21178K, committed 21296K, reserved 1069056K
  class space    used 2530K, capacity 2646K, committed 2688K, reserved 1048576K
Event: 1.317 GC heap after
Heap after GC invocations=4 (full 1):
 PSYoungGen      total 75776K, used 0K [0x000000076b600000, 0x0000000770a80000, 0x00000007c0000000)
  eden space 65024K, 0% used [0x000000076b600000,0x000000076b600000,0x000000076f580000)
  from space 10752K, 0% used [0x000000076f580000,0x000000076f580000,0x0000000770000000)
  to   space 10752K, 0% used [0x0000000770000000,0x0000000770000000,0x0000000770a80000)
 ParOldGen       total 108544K, used 7614K [0x00000006c2200000, 0x00000006c8c00000, 0x000000076b600000)
  object space 108544K, 7% used [0x00000006c2200000,0x00000006c296fbb8,0x00000006c8c00000)
 Metaspace       used 20841K, capacity 21178K, committed 21296K, reserved 1069056K
  class space    used 2530K, capacity 2646K, committed 2688K, reserved 1048576K
}
Event: 1.738 GC heap before
{Heap before GC invocations=5 (full 1):
 PSYoungGen      total 75776K, used 65024K [0x000000076b600000, 0x0000000770a80000, 0x00000007c0000000)
  eden space 65024K, 100% used [0x000000076b600000,0x000000076f580000,0x000000076f580000)
  from space 10752K, 0% used [0x000000076f580000,0x000000076f580000,0x0000000770000000)
  to   space 10752K, 0% used [0x0000000770000000,0x0000000770000000,0x0000000770a80000)
 ParOldGen       total 108544K, used 7614K [0x00000006c2200000, 0x00000006c8c00000, 0x000000076b600000)
  object space 108544K, 7% used [0x00000006c2200000,0x00000006c296fbb8,0x00000006c8c00000)
 Metaspace       used 23983K, capacity 24366K, committed 24576K, reserved 1071104K
  class space    used 2921K, capacity 3022K, committed 3072K, reserved 1048576K
Event: 1.741 GC heap after
Heap after GC invocations=5 (full 1):
 PSYoungGen      total 75776K, used 4339K [0x000000076b600000, 0x0000000772500000, 0x00000007c0000000)
  eden space 65024K, 0% used [0x000000076b600000,0x000000076b600000,0x000000076f580000)
  from space 10752K, 40% used [0x0000000770000000,0x000000077043cf40,0x0000000770a80000)
  to   space 10752K, 0% used [0x000000076f580000,0x000000076f580000,0x0000000770000000)
 ParOldGen       total 108544K, used 7622K [0x00000006c2200000, 0x00000006c8c00000, 0x000000076b600000)
  object space 108544K, 7% used [0x00000006c2200000,0x00000006c2971bb8,0x00000006c8c00000)
 Metaspace       used 23983K, capacity 24366K, committed 24576K, reserved 1071104K
  class space    used 2921K, capacity 3022K, committed 3072K, reserved 1048576K
}

