# JRE version: Java(TM) SE Runtime Environment (8.0_171-b11) (build 1.8.0_171-b11)
# Java VM: Java HotSpot(TM) 64-Bit Server VM (25.171-b11 mixed mode windows-amd64 compressed oops)
Heap:
 PSYoungGen      total 75776K, used 30570K [0x000000076b600000, 0x0000000770a80000, 0x00000007c0000000)
  eden space 65024K, 40% used [0x000000076b600000,0x000000076cf8ca70,0x000000076f580000)
  from space 10752K, 40% used [0x0000000770000000,0x000000077044e140,0x0000000770a80000)
  to   space 10752K, 0% used [0x000000076f580000,0x000000076f580000,0x0000000770000000)
 ParOldGen       total 104448K, used 7289K [0x00000006c2200000, 0x00000006c8800000, 0x000000076b600000)
  object space 104448K, 6% used [0x00000006c2200000,0x00000006c291e420,0x00000006c8800000)
 Metaspace       used 25198K, capacity 25560K, committed 25728K, reserved 1071104K
  class space    used 3080K, capacity 3183K, committed 3200K, reserved 1048576K
GC Heap History (10 events):
Event: 0.654 GC heap before
{Heap before GC invocations=1 (full 0):
 PSYoungGen      total 75776K, used 65024K [0x000000076b600000, 0x0000000770a80000, 0x00000007c0000000)
  eden space 65024K, 100% used [0x000000076b600000,0x000000076f580000,0x000000076f580000)
  from space 10752K, 0% used [0x0000000770000000,0x0000000770000000,0x0000000770a80000)
  to   space 10752K, 0% used [0x000000076f580000,0x000000076f580000,0x0000000770000000)
 ParOldGen       total 173568K, used 0K [0x00000006c2200000, 0x00000006ccb80000, 0x000000076b600000)
  object space 173568K, 0% used [0x00000006c2200000,0x00000006c2200000,0x00000006ccb80000)
 Metaspace       used 11353K, capacity 11510K, committed 11776K, reserved 1058816K
  class space    used 1393K, capacity 1431K, committed 1536K, reserved 1048576K
Event: 0.660 GC heap after
Heap after GC invocations=1 (full 0):
 PSYoungGen      total 75776K, used 7398K [0x000000076b600000, 0x0000000770a80000, 0x00000007c0000000)
  eden space 65024K, 0% used [0x000000076b600000,0x000000076b600000,0x000000076f580000)
  from space 10752K, 68% used [0x000000076f580000,0x000000076fcb9b90,0x0000000770000000)
  to   space 10752K, 0% used [0x0000000770000000,0x0000000770000000,0x0000000770a80000)
 ParOldGen       total 173568K, used 8K [0x00000006c2200000, 0x00000006ccb80000, 0x000000076b600000)
  object space 173568K, 0% used [0x00000006c2200000,0x00000006c2202000,0x00000006ccb80000)
 Metaspace       used 11353K, capacity 11510K, committed 11776K, reserved 1058816K
  class space    used 1393K, capacity 1431K, committed 1536K, reserved 1048576K
}
Event: 1.086 GC heap before
{Heap before GC invocations=2 (full 0):
 PSYoungGen      total 75776K, used 72422K [0x000000076b600000, 0x0000000770a80000, 0x00000007c0000000)
  eden space 65024K, 100% used [0x000000076b600000,0x000000076f580000,0x000000076f580000)
  from space 10752K, 68% used [0x000000076f580000,0x000000076fcb9b90,0x0000000770000000)
  to   space 10752K, 0% used [0x0000000770000000,0x0000000770000000,0x0000000770a80000)
 ParOldGen       total 173568K, used 8K [0x00000006c2200000, 0x00000006ccb80000, 0x000000076b600000)
  object space 173568K, 0% used [0x00000006c2200000,0x00000006c2202000,0x00000006ccb80000)
 Metaspace       used 18109K, capacity 18322K, committed 18688K, reserved 1064960K
  class space    used 2193K, capacity 2225K, committed 2304K, reserved 1048576K
Event: 1.099 GC heap after
Heap after GC invocations=2 (full 0):
 PSYoungGen      total 75776K, used 9138K [0x000000076b600000, 0x0000000770a80000, 0x00000007c0000000)
  eden space 65024K, 0% used [0x000000076b600000,0x000000076b600000,0x000000076f580000)
  from space 10752K, 84% used [0x0000000770000000,0x00000007708eca18,0x0000000770a80000)
  to   space 10752K, 0% used [0x000000076f580000,0x000000076f580000,0x0000000770000000)
 ParOldGen       total 173568K, used 80K [0x00000006c2200000, 0x00000006ccb80000, 0x000000076b600000)
  object space 173568K, 0% used [0x00000006c2200000,0x00000006c2214010,0x00000006ccb80000)
 Metaspace       used 18109K, capacity 18322K, committed 18688K, reserved 1064960K
  class space    used 2193K, capacity 2225K, committed 2304K, reserved 1048576K
}
Event: 1.327 GC heap before
{Heap before GC invocations=3 (full 0):
 PSYoungGen      total 75776K, used 59135K [0x000000076b600000, 0x0000000770a80000, 0x00000007c0000000)
  eden space 65024K, 76% used [0x000000076b600000,0x000000076e6d3378,0x000000076f580000)
  from space 10752K, 84% used [0x0000000770000000,0x00000007708eca18,0x0000000770a80000)
  to   space 10752K, 0% used [0x000000076f580000,0x000000076f580000,0x0000000770000000)
 ParOldGen       total 173568K, used 80K [0x00000006c2200000, 0x00000006ccb80000, 0x000000076b600000)
  object space 173568K, 0% used [0x00000006c2200000,0x00000006c2214010,0x00000006ccb80000)
 Metaspace       used 20786K, capacity 21086K, committed 21296K, reserved 1069056K
  class space    used 2519K, capacity 2614K, committed 2688K, reserved 1048576K
Event: 1.333 GC heap after
Heap after GC invocations=3 (full 0):
 PSYoungGen      total 75776K, used 7364K [0x000000076b600000, 0x0000000770a80000, 0x00000007c0000000)
  eden space 65024K, 0% used [0x000000076b600000,0x000000076b600000,0x000000076f580000)
  from space 10752K, 68% used [0x000000076f580000,0x000000076fcb1268,0x0000000770000000)
  to   space 10752K, 0% used [0x0000000770000000,0x0000000770000000,0x0000000770a80000)
 ParOldGen       total 173568K, used 88K [0x00000006c2200000, 0x00000006ccb80000, 0x000000076b600000)
  object space 173568K, 0% used [0x00000006c2200000,0x00000006c2216010,0x00000006ccb80000)
 Metaspace       used 20786K, capacity 21086K, committed 21296K, reserved 1069056K
  class space    used 2519K, capacity 2614K, committed 2688K, reserved 1048576K
}
Event: 1.333 GC heap before
{Heap before GC invocations=4 (full 1):
 PSYoungGen      total 75776K, used 7364K [0x000000076b600000, 0x0000000770a80000, 0x00000007c0000000)
  eden space 65024K, 0% used [0x000000076b600000,0x000000076b600000,0x000000076f580000)
  from space 10752K, 68% used [0x000000076f580000,0x000000076fcb1268,0x0000000770000000)
  to   space 10752K, 0% used [0x0000000770000000,0x0000000770000000,0x0000000770a80000)
 ParOldGen       total 173568K, used 88K [0x00000006c2200000, 0x00000006ccb80000, 0x000000076b600000)
  object space 173568K, 0% used [0x00000006c2200000,0x00000006c2216010,0x00000006ccb80000)
 Metaspace       used 20786K, capacity 21086K, committed 21296K, reserved 1069056K
  class space    used 2519K, capacity 2614K, committed 2688K, reserved 1048576K
Event: 1.358 GC heap after
Heap after GC invocations=4 (full 1):
 PSYoungGen      total 75776K, used 0K [0x000000076b600000, 0x0000000770a80000, 0x00000007c0000000)
  eden space 65024K, 0% used [0x000000076b600000,0x000000076b600000,0x000000076f580000)
  from space 10752K, 0% used [0x000000076f580000,0x000000076f580000,0x0000000770000000)
  to   space 10752K, 0% used [0x0000000770000000,0x0000000770000000,0x0000000770a80000)
 ParOldGen       total 104448K, used 7281K [0x00000006c2200000, 0x00000006c8800000, 0x000000076b600000)
  object space 104448K, 6% used [0x00000006c2200000,0x00000006c291c420,0x00000006c8800000)
 Metaspace       used 20786K, capacity 21086K, committed 21296K, reserved 1069056K
  class space    used 2519K, capacity 2614K, committed 2688K, reserved 1048576K
}
Event: 1.873 GC heap before
{Heap before GC invocations=5 (full 1):
 PSYoungGen      total 75776K, used 65024K [0x000000076b600000, 0x0000000770a80000, 0x00000007c0000000)
  eden space 65024K, 100% used [0x000000076b600000,0x000000076f580000,0x000000076f580000)
  from space 10752K, 0% used [0x000000076f580000,0x000000076f580000,0x0000000770000000)
  to   space 10752K, 0% used [0x0000000770000000,0x0000000770000000,0x0000000770a80000)
 ParOldGen       total 104448K, used 7281K [0x00000006c2200000, 0x00000006c8800000, 0x000000076b600000)
  object space 104448K, 6% used [0x00000006c2200000,0x00000006c291c420,0x00000006c8800000)
 Metaspace       used 23967K, capacity 24306K, committed 24576K, reserved 1071104K
  class space    used 2918K, capacity 3022K, committed 3072K, reserved 1048576K
Event: 1.894 GC heap after
Heap after GC invocations=5 (full 1):
 PSYoungGen      total 75776K, used 4408K [0x000000076b600000, 0x0000000770a80000, 0x00000007c0000000)
  eden space 65024K, 0% used [0x000000076b600000,0x000000076b600000,0x000000076f580000)
  from space 10752K, 40% used [0x0000000770000000,0x000000077044e140,0x0000000770a80000)
  to   space 10752K, 0% used [0x000000076f580000,0x000000076f580000,0x0000000770000000)
 ParOldGen       total 104448K, used 7289K [0x00000006c2200000, 0x00000006c8800000, 0x000000076b600000)
  object space 104448K, 6% used [0x00000006c2200000,0x00000006c291e420,0x00000006c8800000)
 Metaspace       used 23967K, capacity 24306K, committed 24576K, reserved 1071104K
  class space    used 2918K, capacity 3022K, committed 3072K, reserved 1048576K
}

