# JRE version: Java(TM) SE Runtime Environment (8.0_171-b11) (build 1.8.0_171-b11)
# Java VM: Java HotSpot(TM) 64-Bit Server VM (25.171-b11 mixed mode windows-amd64 compressed oops)
Heap:
 PSYoungGen      total 161280K, used 69626K [0x000000076b600000, 0x0000000778880000, 0x00000007c0000000)
  eden space 150528K, 46% used [0x000000076b600000,0x000000076f9feac0,0x0000000774900000)
  from space 10752K, 0% used [0x0000000775300000,0x0000000775300000,0x0000000775d80000)
  to   space 10240K, 0% used [0x0000000774900000,0x0000000774900000,0x0000000775300000)
 ParOldGen       total 151552K, used 12818K [0x00000006c2200000, 0x00000006cb600000, 0x000000076b600000)
  object space 151552K, 8% used [0x00000006c2200000,0x00000006c2e84900,0x00000006cb600000)
 Metaspace       used 35292K, capacity 36856K, committed 37080K, reserved 1081344K
  class space    used 4521K, capacity 4824K, committed 4824K, reserved 1048576K
GC Heap History (10 events):
Event: 1.554 GC heap before
{Heap before GC invocations=4 (full 1):
 PSYoungGen      total 75776K, used 7460K [0x000000076b600000, 0x0000000774a00000, 0x00000007c0000000)
  eden space 65024K, 0% used [0x000000076b600000,0x000000076b600000,0x000000076f580000)
  from space 10752K, 69% used [0x000000076f580000,0x000000076fcc91d0,0x0000000770000000)
  to   space 10752K, 0% used [0x0000000773f80000,0x0000000773f80000,0x0000000774a00000)
 ParOldGen       total 173568K, used 24K [0x00000006c2200000, 0x00000006ccb80000, 0x000000076b600000)
  object space 173568K, 0% used [0x00000006c2200000,0x00000006c2206000,0x00000006ccb80000)
 Metaspace       used 20524K, capacity 21122K, committed 21248K, reserved 1067008K
  class space    used 2623K, capacity 2777K, committed 2816K, reserved 1048576K
Event: 1.582 GC heap after
Heap after GC invocations=4 (full 1):
 PSYoungGen      total 75776K, used 0K [0x000000076b600000, 0x0000000774a00000, 0x00000007c0000000)
  eden space 65024K, 0% used [0x000000076b600000,0x000000076b600000,0x000000076f580000)
  from space 10752K, 0% used [0x000000076f580000,0x000000076f580000,0x0000000770000000)
  to   space 10752K, 0% used [0x0000000773f80000,0x0000000773f80000,0x0000000774a00000)
 ParOldGen       total 101376K, used 7241K [0x00000006c2200000, 0x00000006c8500000, 0x000000076b600000)
  object space 101376K, 7% used [0x00000006c2200000,0x00000006c2912708,0x00000006c8500000)
 Metaspace       used 20524K, capacity 21122K, committed 21248K, reserved 1067008K
  class space    used 2623K, capacity 2777K, committed 2816K, reserved 1048576K
}
Event: 1.981 GC heap before
{Heap before GC invocations=5 (full 1):
 PSYoungGen      total 75776K, used 65024K [0x000000076b600000, 0x0000000774a00000, 0x00000007c0000000)
  eden space 65024K, 100% used [0x000000076b600000,0x000000076f580000,0x000000076f580000)
  from space 10752K, 0% used [0x000000076f580000,0x000000076f580000,0x0000000770000000)
  to   space 10752K, 0% used [0x0000000773f80000,0x0000000773f80000,0x0000000774a00000)
 ParOldGen       total 101376K, used 7241K [0x00000006c2200000, 0x00000006c8500000, 0x000000076b600000)
  object space 101376K, 7% used [0x00000006c2200000,0x00000006c2912708,0x00000006c8500000)
 Metaspace       used 25728K, capacity 26552K, committed 26624K, reserved 1073152K
  class space    used 3310K, capacity 3512K, committed 3584K, reserved 1048576K
Event: 1.987 GC heap after
Heap after GC invocations=5 (full 1):
 PSYoungGen      total 107520K, used 6728K [0x000000076b600000, 0x0000000774680000, 0x00000007c0000000)
  eden space 100352K, 0% used [0x000000076b600000,0x000000076b600000,0x0000000771800000)
  from space 7168K, 93% used [0x0000000773f80000,0x00000007746122a8,0x0000000774680000)
  to   space 10752K, 0% used [0x0000000773180000,0x0000000773180000,0x0000000773c00000)
 ParOldGen       total 101376K, used 7249K [0x00000006c2200000, 0x00000006c8500000, 0x000000076b600000)
  object space 101376K, 7% used [0x00000006c2200000,0x00000006c2914708,0x00000006c8500000)
 Metaspace       used 25728K, capacity 26552K, committed 26624K, reserved 1073152K
  class space    used 3310K, capacity 3512K, committed 3584K, reserved 1048576K
}
Event: 2.895 GC heap before
{Heap before GC invocations=6 (full 1):
 PSYoungGen      total 107520K, used 107080K [0x000000076b600000, 0x0000000774680000, 0x00000007c0000000)
  eden space 100352K, 100% used [0x000000076b600000,0x0000000771800000,0x0000000771800000)
  from space 7168K, 93% used [0x0000000773f80000,0x00000007746122a8,0x0000000774680000)
  to   space 10752K, 0% used [0x0000000773180000,0x0000000773180000,0x0000000773c00000)
 ParOldGen       total 101376K, used 7249K [0x00000006c2200000, 0x00000006c8500000, 0x000000076b600000)
  object space 101376K, 7% used [0x00000006c2200000,0x00000006c2914708,0x00000006c8500000)
 Metaspace       used 32722K, capacity 33756K, committed 33920K, reserved 1079296K
  class space    used 4187K, capacity 4438K, committed 4480K, reserved 1048576K
Event: 2.902 GC heap after
Heap after GC invocations=6 (full 1):
 PSYoungGen      total 137216K, used 10442K [0x000000076b600000, 0x0000000775d80000, 0x00000007c0000000)
  eden space 126464K, 0% used [0x000000076b600000,0x000000076b600000,0x0000000773180000)
  from space 10752K, 97% used [0x0000000773180000,0x0000000773bb2810,0x0000000773c00000)
  to   space 10752K, 0% used [0x0000000775300000,0x0000000775300000,0x0000000775d80000)
 ParOldGen       total 101376K, used 7321K [0x00000006c2200000, 0x00000006c8500000, 0x000000076b600000)
  object space 101376K, 7% used [0x00000006c2200000,0x00000006c2926718,0x00000006c8500000)
 Metaspace       used 32722K, capacity 33756K, committed 33920K, reserved 1079296K
  class space    used 4187K, capacity 4438K, committed 4480K, reserved 1048576K
}
Event: 3.109 GC heap before
{Heap before GC invocations=7 (full 1):
 PSYoungGen      total 137216K, used 48161K [0x000000076b600000, 0x0000000775d80000, 0x00000007c0000000)
  eden space 126464K, 29% used [0x000000076b600000,0x000000076dad5ca0,0x0000000773180000)
  from space 10752K, 97% used [0x0000000773180000,0x0000000773bb2810,0x0000000773c00000)
  to   space 10752K, 0% used [0x0000000775300000,0x0000000775300000,0x0000000775d80000)
 ParOldGen       total 101376K, used 7321K [0x00000006c2200000, 0x00000006c8500000, 0x000000076b600000)
  object space 101376K, 7% used [0x00000006c2200000,0x00000006c2926718,0x00000006c8500000)
 Metaspace       used 33971K, capacity 35348K, committed 35416K, reserved 1079296K
  class space    used 4351K, capacity 4630K, committed 4696K, reserved 1048576K
Event: 3.117 GC heap after
Heap after GC invocations=7 (full 1):
 PSYoungGen      total 161280K, used 8197K [0x000000076b600000, 0x0000000778880000, 0x00000007c0000000)
  eden space 150528K, 0% used [0x000000076b600000,0x000000076b600000,0x0000000774900000)
  from space 10752K, 76% used [0x0000000775300000,0x0000000775b016f0,0x0000000775d80000)
  to   space 10240K, 0% used [0x0000000774900000,0x0000000774900000,0x0000000775300000)
 ParOldGen       total 101376K, used 7329K [0x00000006c2200000, 0x00000006c8500000, 0x000000076b600000)
  object space 101376K, 7% used [0x00000006c2200000,0x00000006c2928718,0x00000006c8500000)
 Metaspace       used 33971K, capacity 35348K, committed 35416K, reserved 1079296K
  class space    used 4351K, capacity 4630K, committed 4696K, reserved 1048576K
}
Event: 3.117 GC heap before
{Heap before GC invocations=8 (full 2):
 PSYoungGen      total 161280K, used 8197K [0x000000076b600000, 0x0000000778880000, 0x00000007c0000000)
  eden space 150528K, 0% used [0x000000076b600000,0x000000076b600000,0x0000000774900000)
  from space 10752K, 76% used [0x0000000775300000,0x0000000775b016f0,0x0000000775d80000)
  to   space 10240K, 0% used [0x0000000774900000,0x0000000774900000,0x0000000775300000)
 ParOldGen       total 101376K, used 7329K [0x00000006c2200000, 0x00000006c8500000, 0x000000076b600000)
  object space 101376K, 7% used [0x00000006c2200000,0x00000006c2928718,0x00000006c8500000)
 Metaspace       used 33971K, capacity 35348K, committed 35416K, reserved 1079296K
  class space    used 4351K, capacity 4630K, committed 4696K, reserved 1048576K
Event: 3.149 GC heap after
Heap after GC invocations=8 (full 2):
 PSYoungGen      total 161280K, used 0K [0x000000076b600000, 0x0000000778880000, 0x00000007c0000000)
  eden space 150528K, 0% used [0x000000076b600000,0x000000076b600000,0x0000000774900000)
  from space 10752K, 0% used [0x0000000775300000,0x0000000775300000,0x0000000775d80000)
  to   space 10240K, 0% used [0x0000000774900000,0x0000000774900000,0x0000000775300000)
 ParOldGen       total 151552K, used 12818K [0x00000006c2200000, 0x00000006cb600000, 0x000000076b600000)
  object space 151552K, 8% used [0x00000006c2200000,0x00000006c2e84900,0x00000006cb600000)
 Metaspace       used 33971K, capacity 35348K, committed 35416K, reserved 1079296K
  class space    used 4351K, capacity 4630K, committed 4696K, reserved 1048576K
}

