# JRE version: Java(TM) SE Runtime Environment (8.0_171-b11) (build 1.8.0_171-b11)
# Java VM: Java HotSpot(TM) 64-Bit Server VM (25.171-b11 mixed mode windows-amd64 compressed oops)
Heap:
 PSYoungGen      total 151040K, used 30314K [0x000000076b600000, 0x0000000778b80000, 0x00000007c0000000)
  eden space 140800K, 17% used [0x000000076b600000,0x000000076ce06520,0x0000000773f80000)
  from space 10240K, 55% used [0x0000000773f80000,0x0000000774514380,0x0000000774980000)
  to   space 10752K, 0% used [0x0000000778100000,0x0000000778100000,0x0000000778b80000)
 ParOldGen       total 165888K, used 12896K [0x00000006c2200000, 0x00000006cc400000, 0x000000076b600000)
  object space 165888K, 7% used [0x00000006c2200000,0x00000006c2e981d0,0x00000006cc400000)
 Metaspace       used 38126K, capacity 39860K, committed 40152K, reserved 1083392K
  class space    used 4984K, capacity 5294K, committed 5336K, reserved 1048576K
GC Heap History (10 events):
Event: 1.971 GC heap before
{Heap before GC invocations=5 (full 1):
 PSYoungGen      total 75776K, used 65024K [0x000000076b600000, 0x0000000774a00000, 0x00000007c0000000)
  eden space 65024K, 100% used [0x000000076b600000,0x000000076f580000,0x000000076f580000)
  from space 10752K, 0% used [0x000000076f580000,0x000000076f580000,0x0000000770000000)
  to   space 10752K, 0% used [0x0000000773f80000,0x0000000773f80000,0x0000000774a00000)
 ParOldGen       total 106496K, used 7706K [0x00000006c2200000, 0x00000006c8a00000, 0x000000076b600000)
  object space 106496K, 7% used [0x00000006c2200000,0x00000006c2986b40,0x00000006c8a00000)
 Metaspace       used 25892K, capacity 26780K, committed 26880K, reserved 1073152K
  class space    used 3330K, capacity 3544K, committed 3584K, reserved 1048576K
Event: 1.978 GC heap after
Heap after GC invocations=5 (full 1):
 PSYoungGen      total 103936K, used 6682K [0x000000076b600000, 0x0000000774680000, 0x00000007c0000000)
  eden space 96768K, 0% used [0x000000076b600000,0x000000076b600000,0x0000000771480000)
  from space 7168K, 93% used [0x0000000773f80000,0x0000000774606850,0x0000000774680000)
  to   space 10752K, 0% used [0x0000000773180000,0x0000000773180000,0x0000000773c00000)
 ParOldGen       total 106496K, used 7778K [0x00000006c2200000, 0x00000006c8a00000, 0x000000076b600000)
  object space 106496K, 7% used [0x00000006c2200000,0x00000006c2998b50,0x00000006c8a00000)
 Metaspace       used 25892K, capacity 26780K, committed 26880K, reserved 1073152K
  class space    used 3330K, capacity 3544K, committed 3584K, reserved 1048576K
}
Event: 2.768 GC heap before
{Heap before GC invocations=6 (full 1):
 PSYoungGen      total 103936K, used 103450K [0x000000076b600000, 0x0000000774680000, 0x00000007c0000000)
  eden space 96768K, 100% used [0x000000076b600000,0x0000000771480000,0x0000000771480000)
  from space 7168K, 93% used [0x0000000773f80000,0x0000000774606850,0x0000000774680000)
  to   space 10752K, 0% used [0x0000000773180000,0x0000000773180000,0x0000000773c00000)
 ParOldGen       total 106496K, used 7778K [0x00000006c2200000, 0x00000006c8a00000, 0x000000076b600000)
  object space 106496K, 7% used [0x00000006c2200000,0x00000006c2998b50,0x00000006c8a00000)
 Metaspace       used 32582K, capacity 33660K, committed 33920K, reserved 1079296K
  class space    used 4168K, capacity 4406K, committed 4480K, reserved 1048576K
Event: 2.774 GC heap after
Heap after GC invocations=6 (full 1):
 PSYoungGen      total 137216K, used 10128K [0x000000076b600000, 0x0000000775400000, 0x00000007c0000000)
  eden space 126464K, 0% used [0x000000076b600000,0x000000076b600000,0x0000000773180000)
  from space 10752K, 94% used [0x0000000773180000,0x0000000773b643a0,0x0000000773c00000)
  to   space 10752K, 0% used [0x0000000774980000,0x0000000774980000,0x0000000775400000)
 ParOldGen       total 106496K, used 7786K [0x00000006c2200000, 0x00000006c8a00000, 0x000000076b600000)
  object space 106496K, 7% used [0x00000006c2200000,0x00000006c299ab50,0x00000006c8a00000)
 Metaspace       used 32582K, capacity 33660K, committed 33920K, reserved 1079296K
  class space    used 4168K, capacity 4406K, committed 4480K, reserved 1048576K
}
Event: 3.001 GC heap before
{Heap before GC invocations=7 (full 1):
 PSYoungGen      total 137216K, used 50479K [0x000000076b600000, 0x0000000775400000, 0x00000007c0000000)
  eden space 126464K, 31% used [0x000000076b600000,0x000000076dd67988,0x0000000773180000)
  from space 10752K, 94% used [0x0000000773180000,0x0000000773b643a0,0x0000000773c00000)
  to   space 10752K, 0% used [0x0000000774980000,0x0000000774980000,0x0000000775400000)
 ParOldGen       total 106496K, used 7786K [0x00000006c2200000, 0x00000006c8a00000, 0x000000076b600000)
  object space 106496K, 7% used [0x00000006c2200000,0x00000006c299ab50,0x00000006c8a00000)
 Metaspace       used 33945K, capacity 35346K, committed 35416K, reserved 1079296K
  class space    used 4349K, capacity 4629K, committed 4696K, reserved 1048576K
Event: 3.007 GC heap after
Heap after GC invocations=7 (full 1):
 PSYoungGen      total 151552K, used 8214K [0x000000076b600000, 0x0000000778280000, 0x00000007c0000000)
  eden space 140800K, 0% used [0x000000076b600000,0x000000076b600000,0x0000000773f80000)
  from space 10752K, 76% used [0x0000000774980000,0x0000000775185820,0x0000000775400000)
  to   space 10240K, 0% used [0x0000000773f80000,0x0000000773f80000,0x0000000774980000)
 ParOldGen       total 106496K, used 7794K [0x00000006c2200000, 0x00000006c8a00000, 0x000000076b600000)
  object space 106496K, 7% used [0x00000006c2200000,0x00000006c299cb50,0x00000006c8a00000)
 Metaspace       used 33945K, capacity 35346K, committed 35416K, reserved 1079296K
  class space    used 4349K, capacity 4629K, committed 4696K, reserved 1048576K
}
Event: 3.007 GC heap before
{Heap before GC invocations=8 (full 2):
 PSYoungGen      total 151552K, used 8214K [0x000000076b600000, 0x0000000778280000, 0x00000007c0000000)
  eden space 140800K, 0% used [0x000000076b600000,0x000000076b600000,0x0000000773f80000)
  from space 10752K, 76% used [0x0000000774980000,0x0000000775185820,0x0000000775400000)
  to   space 10240K, 0% used [0x0000000773f80000,0x0000000773f80000,0x0000000774980000)
 ParOldGen       total 106496K, used 7794K [0x00000006c2200000, 0x00000006c8a00000, 0x000000076b600000)
  object space 106496K, 7% used [0x00000006c2200000,0x00000006c299cb50,0x00000006c8a00000)
 Metaspace       used 33945K, capacity 35346K, committed 35416K, reserved 1079296K
  class space    used 4349K, capacity 4629K, committed 4696K, reserved 1048576K
Event: 3.046 GC heap after
Heap after GC invocations=8 (full 2):
 PSYoungGen      total 151552K, used 0K [0x000000076b600000, 0x0000000778280000, 0x00000007c0000000)
  eden space 140800K, 0% used [0x000000076b600000,0x000000076b600000,0x0000000773f80000)
  from space 10752K, 0% used [0x0000000774980000,0x0000000774980000,0x0000000775400000)
  to   space 10240K, 0% used [0x0000000773f80000,0x0000000773f80000,0x0000000774980000)
 ParOldGen       total 165888K, used 12888K [0x00000006c2200000, 0x00000006cc400000, 0x000000076b600000)
  object space 165888K, 7% used [0x00000006c2200000,0x00000006c2e961d0,0x00000006cc400000)
 Metaspace       used 33945K, capacity 35346K, committed 35416K, reserved 1079296K
  class space    used 4349K, capacity 4629K, committed 4696K, reserved 1048576K
}
Event: 3.812 GC heap before
{Heap before GC invocations=9 (full 2):
 PSYoungGen      total 151552K, used 140800K [0x000000076b600000, 0x0000000778280000, 0x00000007c0000000)
  eden space 140800K, 100% used [0x000000076b600000,0x0000000773f80000,0x0000000773f80000)
  from space 10752K, 0% used [0x0000000774980000,0x0000000774980000,0x0000000775400000)
  to   space 10240K, 0% used [0x0000000773f80000,0x0000000773f80000,0x0000000774980000)
 ParOldGen       total 165888K, used 12888K [0x00000006c2200000, 0x00000006cc400000, 0x000000076b600000)
  object space 165888K, 7% used [0x00000006c2200000,0x00000006c2e961d0,0x00000006cc400000)
 Metaspace       used 36707K, capacity 38394K, committed 38616K, reserved 1083392K
  class space    used 4712K, capacity 4999K, committed 5080K, reserved 1048576K
Event: 3.816 GC heap after
Heap after GC invocations=9 (full 2):
 PSYoungGen      total 151040K, used 5712K [0x000000076b600000, 0x0000000778b80000, 0x00000007c0000000)
  eden space 140800K, 0% used [0x000000076b600000,0x000000076b600000,0x0000000773f80000)
  from space 10240K, 55% used [0x0000000773f80000,0x0000000774514380,0x0000000774980000)
  to   space 10752K, 0% used [0x0000000778100000,0x0000000778100000,0x0000000778b80000)
 ParOldGen       total 165888K, used 12896K [0x00000006c2200000, 0x00000006cc400000, 0x000000076b600000)
  object space 165888K, 7% used [0x00000006c2200000,0x00000006c2e981d0,0x00000006cc400000)
 Metaspace       used 36707K, capacity 38394K, committed 38616K, reserved 1083392K
  class space    used 4712K, capacity 4999K, committed 5080K, reserved 1048576K
}

